ERROR - 2023-06-15 03:44:56 --> Error connecting to the database: mysqli_sql_exception: Unknown database 'pwl_4213' in C:\xampp\htdocs\latci4\system\Database\MySQLi\Connection.php:174
Stack trace:
#0 C:\xampp\htdocs\latci4\system\Database\MySQLi\Connection.php(174): mysqli->real_connect('localhost', 'root', '', 'pwl_4213', 3306, '', 0)
#1 C:\xampp\htdocs\latci4\system\Database\BaseConnection.php(391): CodeIgniter\Database\MySQLi\Connection->connect(false)
#2 C:\xampp\htdocs\latci4\system\Database\BaseConnection.php(574): CodeIgniter\Database\BaseConnection->initialize()
#3 C:\xampp\htdocs\latci4\system\Database\BaseBuilder.php(1616): CodeIgniter\Database\BaseConnection->query('SELECT *\nFROM `...', Array, false)
#4 C:\xampp\htdocs\latci4\system\Model.php(241): CodeIgniter\Database\BaseBuilder->get()
#5 C:\xampp\htdocs\latci4\system\BaseModel.php(618): CodeIgniter\Model->doFindAll(0, 0)
#6 C:\xampp\htdocs\latci4\app\Controllers\Home.php(11): CodeIgniter\BaseModel->findAll()
#7 C:\xampp\htdocs\latci4\system\CodeIgniter.php(934): App\Controllers\Home->index()
#8 C:\xampp\htdocs\latci4\system\CodeIgniter.php(499): CodeIgniter\CodeIgniter->runController(Object(App\Controllers\Home))
#9 C:\xampp\htdocs\latci4\system\CodeIgniter.php(368): CodeIgniter\CodeIgniter->handleRequest(NULL, Object(Config\Cache), false)
#10 C:\xampp\htdocs\latci4\index.php(67): CodeIgniter\CodeIgniter->run()
#11 {main}

Next CodeIgniter\Database\Exceptions\DatabaseException: Unknown database 'pwl_4213' in C:\xampp\htdocs\latci4\system\Database\MySQLi\Connection.php:218
Stack trace:
#0 C:\xampp\htdocs\latci4\system\Database\BaseConnection.php(391): CodeIgniter\Database\MySQLi\Connection->connect(false)
#1 C:\xampp\htdocs\latci4\system\Database\BaseConnection.php(574): CodeIgniter\Database\BaseConnection->initialize()
#2 C:\xampp\htdocs\latci4\system\Database\BaseBuilder.php(1616): CodeIgniter\Database\BaseConnection->query('SELECT *\nFROM `...', Array, false)
#3 C:\xampp\htdocs\latci4\system\Model.php(241): CodeIgniter\Database\BaseBuilder->get()
#4 C:\xampp\htdocs\latci4\system\BaseModel.php(618): CodeIgniter\Model->doFindAll(0, 0)
#5 C:\xampp\htdocs\latci4\app\Controllers\Home.php(11): CodeIgniter\BaseModel->findAll()
#6 C:\xampp\htdocs\latci4\system\CodeIgniter.php(934): App\Controllers\Home->index()
#7 C:\xampp\htdocs\latci4\system\CodeIgniter.php(499): CodeIgniter\CodeIgniter->runController(Object(App\Controllers\Home))
#8 C:\xampp\htdocs\latci4\system\CodeIgniter.php(368): CodeIgniter\CodeIgniter->handleRequest(NULL, Object(Config\Cache), false)
#9 C:\xampp\htdocs\latci4\index.php(67): CodeIgniter\CodeIgniter->run()
#10 {main}
CRITICAL - 2023-06-15 03:44:56 --> Unable to connect to the database.
Main connection [MySQLi]: Unknown database 'pwl_4213'
in SYSTEMPATH\Database\BaseConnection.php on line 427.
 1 SYSTEMPATH\Database\BaseConnection.php(574): CodeIgniter\Database\BaseConnection->initialize()
 2 SYSTEMPATH\Database\BaseBuilder.php(1616): CodeIgniter\Database\BaseConnection->query('SELECT *
FROM `brg`', [], false)
 3 SYSTEMPATH\Model.php(241): CodeIgniter\Database\BaseBuilder->get()
 4 SYSTEMPATH\BaseModel.php(618): CodeIgniter\Model->doFindAll(0, 0)
 5 APPPATH\Controllers\Home.php(11): CodeIgniter\BaseModel->findAll()
 6 SYSTEMPATH\CodeIgniter.php(934): App\Controllers\Home->index()
 7 SYSTEMPATH\CodeIgniter.php(499): CodeIgniter\CodeIgniter->runController(Object(App\Controllers\Home))
 8 SYSTEMPATH\CodeIgniter.php(368): CodeIgniter\CodeIgniter->handleRequest(null, Object(Config\Cache), false)
 9 FCPATH\index.php(67): CodeIgniter\CodeIgniter->run()
ERROR - 2023-06-15 03:50:49 --> mysqli_sql_exception: Table 'utspwl.brg' doesn't exist in C:\xampp\htdocs\latci4\system\Database\MySQLi\Connection.php:295
Stack trace:
#0 C:\xampp\htdocs\latci4\system\Database\MySQLi\Connection.php(295): mysqli->query('SELECT *\nFROM `...', 0)
#1 C:\xampp\htdocs\latci4\system\Database\BaseConnection.php(692): CodeIgniter\Database\MySQLi\Connection->execute('SELECT *\nFROM `...')
#2 C:\xampp\htdocs\latci4\system\Database\BaseConnection.php(606): CodeIgniter\Database\BaseConnection->simpleQuery('SELECT *\nFROM `...')
#3 C:\xampp\htdocs\latci4\system\Database\BaseBuilder.php(1616): CodeIgniter\Database\BaseConnection->query('SELECT *\nFROM `...', Array, false)
#4 C:\xampp\htdocs\latci4\system\Model.php(241): CodeIgniter\Database\BaseBuilder->get()
#5 C:\xampp\htdocs\latci4\system\BaseModel.php(618): CodeIgniter\Model->doFindAll(0, 0)
#6 C:\xampp\htdocs\latci4\app\Controllers\Home.php(11): CodeIgniter\BaseModel->findAll()
#7 C:\xampp\htdocs\latci4\system\CodeIgniter.php(934): App\Controllers\Home->index()
#8 C:\xampp\htdocs\latci4\system\CodeIgniter.php(499): CodeIgniter\CodeIgniter->runController(Object(App\Controllers\Home))
#9 C:\xampp\htdocs\latci4\system\CodeIgniter.php(368): CodeIgniter\CodeIgniter->handleRequest(NULL, Object(Config\Cache), false)
#10 C:\xampp\htdocs\latci4\index.php(67): CodeIgniter\CodeIgniter->run()
#11 {main}
CRITICAL - 2023-06-15 03:50:49 --> Table 'utspwl.brg' doesn't exist
in SYSTEMPATH\Database\MySQLi\Connection.php on line 295.
 1 SYSTEMPATH\Database\MySQLi\Connection.php(295): mysqli->query('SELECT *
FROM `brg`', 0)
 2 SYSTEMPATH\Database\BaseConnection.php(692): CodeIgniter\Database\MySQLi\Connection->execute('SELECT *
FROM `brg`')
 3 SYSTEMPATH\Database\BaseConnection.php(606): CodeIgniter\Database\BaseConnection->simpleQuery('SELECT *
FROM `brg`')
 4 SYSTEMPATH\Database\BaseBuilder.php(1616): CodeIgniter\Database\BaseConnection->query('SELECT *
FROM `brg`', [], false)
 5 SYSTEMPATH\Model.php(241): CodeIgniter\Database\BaseBuilder->get()
 6 SYSTEMPATH\BaseModel.php(618): CodeIgniter\Model->doFindAll(0, 0)
 7 APPPATH\Controllers\Home.php(11): CodeIgniter\BaseModel->findAll()
 8 SYSTEMPATH\CodeIgniter.php(934): App\Controllers\Home->index()
 9 SYSTEMPATH\CodeIgniter.php(499): CodeIgniter\CodeIgniter->runController(Object(App\Controllers\Home))
10 SYSTEMPATH\CodeIgniter.php(368): CodeIgniter\CodeIgniter->handleRequest(null, Object(Config\Cache), false)
11 FCPATH\index.php(67): CodeIgniter\CodeIgniter->run()
CRITICAL - 2023-06-15 03:52:43 --> Undefined array key "harga"
in APPPATH\Views\home_view.php on line 9.
 1 APPPATH\Views\home_view.php(9): CodeIgniter\Debug\Exceptions->errorHandler(2, 'Undefined array key "harga"', 'C:\\xampp\\htdocs\\latci4\\app\\Views\\home_view.php', 9)
 2 SYSTEMPATH\View\View.php(213): include('C:\\xampp\\htdocs\\latci4\\app\\Views\\home_view.php')
 3 SYSTEMPATH\View\View.php(216): CodeIgniter\View\View->CodeIgniter\View\{closure}()
 4 SYSTEMPATH\Common.php(1184): CodeIgniter\View\View->render('home_view', [], true)
 5 APPPATH\Controllers\Home.php(14): view('home_view', [...])
 6 SYSTEMPATH\CodeIgniter.php(934): App\Controllers\Home->index()
 7 SYSTEMPATH\CodeIgniter.php(499): CodeIgniter\CodeIgniter->runController(Object(App\Controllers\Home))
 8 SYSTEMPATH\CodeIgniter.php(368): CodeIgniter\CodeIgniter->handleRequest(null, Object(Config\Cache), false)
 9 FCPATH\index.php(67): CodeIgniter\CodeIgniter->run()
CRITICAL - 2023-06-15 03:53:07 --> Undefined array key "harga"
in APPPATH\Views\home_view.php on line 9.
 1 APPPATH\Views\home_view.php(9): CodeIgniter\Debug\Exceptions->errorHandler(2, 'Undefined array key "harga"', 'C:\\xampp\\htdocs\\latci4\\app\\Views\\home_view.php', 9)
 2 SYSTEMPATH\View\View.php(213): include('C:\\xampp\\htdocs\\latci4\\app\\Views\\home_view.php')
 3 SYSTEMPATH\View\View.php(216): CodeIgniter\View\View->CodeIgniter\View\{closure}()
 4 SYSTEMPATH\Common.php(1184): CodeIgniter\View\View->render('home_view', [], true)
 5 APPPATH\Controllers\Home.php(14): view('home_view', [...])
 6 SYSTEMPATH\CodeIgniter.php(934): App\Controllers\Home->index()
 7 SYSTEMPATH\CodeIgniter.php(499): CodeIgniter\CodeIgniter->runController(Object(App\Controllers\Home))
 8 SYSTEMPATH\CodeIgniter.php(368): CodeIgniter\CodeIgniter->handleRequest(null, Object(Config\Cache), false)
 9 FCPATH\index.php(67): CodeIgniter\CodeIgniter->run()
CRITICAL - 2023-06-15 03:53:11 --> Undefined array key "harga"
in APPPATH\Views\home_view.php on line 9.
 1 APPPATH\Views\home_view.php(9): CodeIgniter\Debug\Exceptions->errorHandler(2, 'Undefined array key "harga"', 'C:\\xampp\\htdocs\\latci4\\app\\Views\\home_view.php', 9)
 2 SYSTEMPATH\View\View.php(213): include('C:\\xampp\\htdocs\\latci4\\app\\Views\\home_view.php')
 3 SYSTEMPATH\View\View.php(216): CodeIgniter\View\View->CodeIgniter\View\{closure}()
 4 SYSTEMPATH\Common.php(1184): CodeIgniter\View\View->render('home_view', [], true)
 5 APPPATH\Controllers\Home.php(14): view('home_view', [...])
 6 SYSTEMPATH\CodeIgniter.php(934): App\Controllers\Home->index()
 7 SYSTEMPATH\CodeIgniter.php(499): CodeIgniter\CodeIgniter->runController(Object(App\Controllers\Home))
 8 SYSTEMPATH\CodeIgniter.php(368): CodeIgniter\CodeIgniter->handleRequest(null, Object(Config\Cache), false)
 9 FCPATH\index.php(67): CodeIgniter\CodeIgniter->run()
INFO - 2023-06-15 04:10:06 --> Session: Class initialized using 'CodeIgniter\Session\Handlers\FileHandler' driver.
CRITICAL - 2023-06-15 04:10:06 --> Undefined array key "jumlah"
in APPPATH\Views\pages\produk_view.php on line 44.
 1 APPPATH\Views\pages\produk_view.php(44): CodeIgniter\Debug\Exceptions->errorHandler(2, 'Undefined array key "jumlah"', 'C:\\xampp\\htdocs\\latci4\\app\\Views\\pages\\produk_view.php', 44)
 2 SYSTEMPATH\View\View.php(213): include('C:\\xampp\\htdocs\\latci4\\app\\Views\\pages\\produk_view.php')
 3 SYSTEMPATH\View\View.php(216): CodeIgniter\View\View->CodeIgniter\View\{closure}()
 4 SYSTEMPATH\Common.php(1184): CodeIgniter\View\View->render('pages/produk_view', [], true)
 5 APPPATH\Controllers\ProdukController.php(18): view('pages/produk_view', [...])
 6 SYSTEMPATH\CodeIgniter.php(934): App\Controllers\ProdukController->index()
 7 SYSTEMPATH\CodeIgniter.php(499): CodeIgniter\CodeIgniter->runController(Object(App\Controllers\ProdukController))
 8 SYSTEMPATH\CodeIgniter.php(368): CodeIgniter\CodeIgniter->handleRequest(null, Object(Config\Cache), false)
 9 FCPATH\index.php(67): CodeIgniter\CodeIgniter->run()
INFO - 2023-06-15 04:10:59 --> Session: Class initialized using 'CodeIgniter\Session\Handlers\FileHandler' driver.
INFO - 2023-06-15 04:13:51 --> Session: Class initialized using 'CodeIgniter\Session\Handlers\FileHandler' driver.
INFO - 2023-06-15 04:13:51 --> Session: Class initialized using 'CodeIgniter\Session\Handlers\FileHandler' driver.
INFO - 2023-06-15 04:14:27 --> Session: Class initialized using 'CodeIgniter\Session\Handlers\FileHandler' driver.
INFO - 2023-06-15 04:14:27 --> Session: Class initialized using 'CodeIgniter\Session\Handlers\FileHandler' driver.
INFO - 2023-06-15 04:34:28 --> Session: Class initialized using 'CodeIgniter\Session\Handlers\FileHandler' driver.
INFO - 2023-06-15 04:34:49 --> Session: Class initialized using 'CodeIgniter\Session\Handlers\FileHandler' driver.
INFO - 2023-06-15 04:37:19 --> Session: Class initialized using 'CodeIgniter\Session\Handlers\FileHandler' driver.
INFO - 2023-06-15 04:38:09 --> Session: Class initialized using 'CodeIgniter\Session\Handlers\FileHandler' driver.
INFO - 2023-06-15 04:43:30 --> Session: Class initialized using 'CodeIgniter\Session\Handlers\FileHandler' driver.
INFO - 2023-06-15 04:43:41 --> Session: Class initialized using 'CodeIgniter\Session\Handlers\FileHandler' driver.
INFO - 2023-06-15 04:43:41 --> Session: Class initialized using 'CodeIgniter\Session\Handlers\FileHandler' driver.
INFO - 2023-06-15 04:44:10 --> Session: Class initialized using 'CodeIgniter\Session\Handlers\FileHandler' driver.
INFO - 2023-06-15 04:44:10 --> Session: Class initialized using 'CodeIgniter\Session\Handlers\FileHandler' driver.
INFO - 2023-06-15 04:46:21 --> Session: Class initialized using 'CodeIgniter\Session\Handlers\FileHandler' driver.
INFO - 2023-06-15 04:47:27 --> Session: Class initialized using 'CodeIgniter\Session\Handlers\FileHandler' driver.
INFO - 2023-06-15 04:47:29 --> Session: Class initialized using 'CodeIgniter\Session\Handlers\FileHandler' driver.
INFO - 2023-06-15 04:47:29 --> Session: Class initialized using 'CodeIgniter\Session\Handlers\FileHandler' driver.
